<?xml version="1.0" encoding="UTF-8"?>
<!-- Generated by org.testng.reporters.JUnitReportReporter -->
<testsuite hostname="Rupakshi" failures="0" tests="1" name="Assign03" time="2.427" errors="1" timestamp="2020-03-09T19:18:31 CDT" skipped="0">
  <testcase classname="Assign03" name="Flipkart" time="2.427">
    <error message="session not created: This version of ChromeDriver only supports Chrome version 78
Build info: version: &#039;4.0.0-alpha-4&#039;, revision: &#039;c2d955b49e&#039;
System info: host: &#039;RUPAKSHI&#039;, ip: &#039;192.168.1.35&#039;, os.name: &#039;Windows 8.1&#039;, os.arch: &#039;amd64&#039;, os.version: &#039;6.3&#039;, java.version: &#039;13.0.1&#039;
Driver info: driver.version: ChromeDriver
remote stacktrace: Backtrace:
	Ordinal0 [0x00A2A923+1550627]
	Ordinal0 [0x009AA731+1025841]
	Ordinal0 [0x0092C715+509717]
	Ordinal0 [0x008BFC68+64616]
	Ordinal0 [0x008BC594+50580]
	Ordinal0 [0x008DACE7+175335]
	Ordinal0 [0x008DA8ED+174317]
	Ordinal0 [0x008D8CDB+167131]
	Ordinal0 [0x008C144A+70730]
	Ordinal0 [0x008C24D0+74960]
	Ordinal0 [0x008C2469+74857]
	Ordinal0 [0x009C42F7+1131255]
	GetHandleVerifier [0x00AC711D+523789]
	GetHandleVerifier [0x00AC6EB0+523168]
	GetHandleVerifier [0x00ACE207+552695]
	GetHandleVerifier [0x00AC791A+525834]
	Ordinal0 [0x009BB82C+1095724]
	Ordinal0 [0x009C636B+1139563]
	Ordinal0 [0x009C64D3+1139923]
	Ordinal0 [0x009C5455+1135701]
	BaseThreadInitThunk [0x777E6A14+36]
	RtlInitializeExceptionChain [0x77A3ADCF+143]
	RtlInitializeExceptionChain [0x77A3AD9A+90]
" type="org.openqa.selenium.SessionNotCreatedException">
      <![CDATA[org.openqa.selenium.SessionNotCreatedException: session not created: This version of ChromeDriver only supports Chrome version 78
Build info: version: '4.0.0-alpha-4', revision: 'c2d955b49e'
System info: host: 'RUPAKSHI', ip: '192.168.1.35', os.name: 'Windows 8.1', os.arch: 'amd64', os.version: '6.3', java.version: '13.0.1'
Driver info: driver.version: ChromeDriver
remote stacktrace: Backtrace:
Ordinal0 [0x00A2A923+1550627]
Ordinal0 [0x009AA731+1025841]
Ordinal0 [0x0092C715+509717]
Ordinal0 [0x008BFC68+64616]
Ordinal0 [0x008BC594+50580]
Ordinal0 [0x008DACE7+175335]
Ordinal0 [0x008DA8ED+174317]
Ordinal0 [0x008D8CDB+167131]
Ordinal0 [0x008C144A+70730]
Ordinal0 [0x008C24D0+74960]
Ordinal0 [0x008C2469+74857]
Ordinal0 [0x009C42F7+1131255]
GetHandleVerifier [0x00AC711D+523789]
GetHandleVerifier [0x00AC6EB0+523168]
GetHandleVerifier [0x00ACE207+552695]
GetHandleVerifier [0x00AC791A+525834]
Ordinal0 [0x009BB82C+1095724]
Ordinal0 [0x009C636B+1139563]
Ordinal0 [0x009C64D3+1139923]
Ordinal0 [0x009C5455+1135701]
BaseThreadInitThunk [0x777E6A14+36]
RtlInitializeExceptionChain [0x77A3ADCF+143]
RtlInitializeExceptionChain [0x77A3AD9A+90]

at java.base/jdk.internal.reflect.NativeConstructorAccessorImpl.newInstance0(Native Method)
at java.base/jdk.internal.reflect.NativeConstructorAccessorImpl.newInstance(NativeConstructorAccessorImpl.java:62)
at java.base/jdk.internal.reflect.DelegatingConstructorAccessorImpl.newInstance(DelegatingConstructorAccessorImpl.java:45)
at java.base/java.lang.reflect.Constructor.newInstanceWithCaller(Constructor.java:500)
at java.base/java.lang.reflect.Constructor.newInstance(Constructor.java:481)
at org.openqa.selenium.remote.W3CHandshakeResponse.lambda$errorHandler$0(W3CHandshakeResponse.java:62)
at org.openqa.selenium.remote.HandshakeResponse.lambda$getResponseFunction$0(HandshakeResponse.java:30)
at org.openqa.selenium.remote.ProtocolHandshake.lambda$createSession$1(ProtocolHandshake.java:126)
at java.base/java.util.stream.ReferencePipeline$3$1.accept(ReferencePipeline.java:195)
at java.base/java.util.Spliterators$ArraySpliterator.tryAdvance(Spliterators.java:958)
at java.base/java.util.stream.ReferencePipeline.forEachWithCancel(ReferencePipeline.java:127)
at java.base/java.util.stream.AbstractPipeline.copyIntoWithCancel(AbstractPipeline.java:502)
at java.base/java.util.stream.AbstractPipeline.copyInto(AbstractPipeline.java:488)
at java.base/java.util.stream.AbstractPipeline.wrapAndCopyInto(AbstractPipeline.java:474)
at java.base/java.util.stream.FindOps$FindOp.evaluateSequential(FindOps.java:150)
at java.base/java.util.stream.AbstractPipeline.evaluate(AbstractPipeline.java:234)
at java.base/java.util.stream.ReferencePipeline.findFirst(ReferencePipeline.java:543)
at org.openqa.selenium.remote.ProtocolHandshake.createSession(ProtocolHandshake.java:128)
at org.openqa.selenium.remote.ProtocolHandshake.createSession(ProtocolHandshake.java:75)
at org.openqa.selenium.remote.HttpCommandExecutor.execute(HttpCommandExecutor.java:139)
at org.openqa.selenium.remote.service.DriverCommandExecutor.execute(DriverCommandExecutor.java:83)
at org.openqa.selenium.remote.RemoteWebDriver.execute(RemoteWebDriver.java:582)
at org.openqa.selenium.remote.RemoteWebDriver.startSession(RemoteWebDriver.java:216)
at org.openqa.selenium.remote.RemoteWebDriver.<init>(RemoteWebDriver.java:136)
at org.openqa.selenium.chromium.ChromiumDriver.<init>(ChromiumDriver.java:75)
at org.openqa.selenium.chrome.ChromeDriver.<init>(ChromeDriver.java:163)
at org.openqa.selenium.chrome.ChromeDriver.<init>(ChromeDriver.java:150)
at org.openqa.selenium.chrome.ChromeDriver.<init>(ChromeDriver.java:105)
at Assign03.Flipkart(Assign03.java:18)
at java.base/jdk.internal.reflect.NativeMethodAccessorImpl.invoke0(Native Method)
at java.base/jdk.internal.reflect.NativeMethodAccessorImpl.invoke(NativeMethodAccessorImpl.java:62)
at java.base/jdk.internal.reflect.DelegatingMethodAccessorImpl.invoke(DelegatingMethodAccessorImpl.java:43)
at java.base/java.lang.reflect.Method.invoke(Method.java:567)
at org.testng.internal.MethodInvocationHelper.invokeMethod(MethodInvocationHelper.java:133)
at org.testng.internal.TestInvoker.invokeMethod(TestInvoker.java:584)
at org.testng.internal.TestInvoker.invokeTestMethod(TestInvoker.java:172)
at org.testng.internal.MethodRunner.runInSequence(MethodRunner.java:46)
at org.testng.internal.TestInvoker$MethodInvocationAgent.invoke(TestInvoker.java:804)
at org.testng.internal.TestInvoker.invokeTestMethods(TestInvoker.java:145)
at org.testng.internal.TestMethodWorker.invokeTestMethods(TestMethodWorker.java:146)
at org.testng.internal.TestMethodWorker.run(TestMethodWorker.java:128)
at java.base/java.util.ArrayList.forEach(ArrayList.java:1507)
at org.testng.TestRunner.privateRun(TestRunner.java:770)
at org.testng.TestRunner.run(TestRunner.java:591)
at org.testng.SuiteRunner.runTest(SuiteRunner.java:402)
at org.testng.SuiteRunner.runSequentially(SuiteRunner.java:396)
at org.testng.SuiteRunner.privateRun(SuiteRunner.java:355)
at org.testng.SuiteRunner.run(SuiteRunner.java:304)
at org.testng.SuiteRunnerWorker.runSuite(SuiteRunnerWorker.java:53)
at org.testng.SuiteRunnerWorker.run(SuiteRunnerWorker.java:96)
at org.testng.TestNG.runSuitesSequentially(TestNG.java:1180)
at org.testng.TestNG.runSuitesLocally(TestNG.java:1102)
at org.testng.TestNG.runSuites(TestNG.java:1032)
at org.testng.TestNG.run(TestNG.java:1000)
at org.testng.remote.AbstractRemoteTestNG.run(AbstractRemoteTestNG.java:115)
at org.testng.remote.RemoteTestNG.initAndRun(RemoteTestNG.java:251)
at org.testng.remote.RemoteTestNG.main(RemoteTestNG.java:77)
]]>
    </error>
  </testcase> <!-- Flipkart -->
</testsuite> <!-- Assign03 -->
